***** vealnum_6791_ch2_from_20022022005630__to__20022022010354.mp4
******************************************we are on vealnum_6791_ch2_from_20022022005630__to__20022022010354
***** vealnum_6388_ch10_from_20022022010030__to__20022022010706.mp4
******************************************we are on vealnum_6388_ch10_from_20022022010030__to__20022022010706
***** vealnum_6780_ch2_from_20022022010430__to__20022022011112.mp4
******************************************we are on vealnum_6780_ch2_from_20022022010430__to__20022022011112
***** vealnum_6388_ch10_from_20022022022730__to__20022022023754.mp4
******************************************we are on vealnum_6388_ch10_from_20022022022730__to__20022022023754
***** vealnum_6787_ch2_from_20022022022730__to__20022022023454.mp4
******************************************we are on vealnum_6787_ch2_from_20022022022730__to__20022022023454
***** vealnum_6783_ch2_from_20022022023230__to__20022022025004.mp4
******************************************we are on vealnum_6783_ch2_from_20022022023230__to__20022022025004
***** vealnum_6764_ch10_from_20022022033030__to__20022022033756.mp4
******************************************we are on vealnum_6764_ch10_from_20022022033030__to__20022022033756
***** vealnum_6349_ch9_from_20022022043030__to__20022022043950.mp4
******************************************we are on vealnum_6349_ch9_from_20022022043030__to__20022022043950
***** vealnum_6738_ch10_from_20022022043130__to__20022022043559.mp4
******************************************we are on vealnum_6738_ch10_from_20022022043130__to__20022022043559
***** vealnum_6738_ch10_from_20022022043130__to__20022022043556.mp4
******************************************we are on vealnum_6738_ch10_from_20022022043130__to__20022022043556
***** vealnum_6787_ch2_from_20022022043230__to__20022022044023.mp4
******************************************we are on vealnum_6787_ch2_from_20022022043230__to__20022022044023
***** vealnum_6738_ch10_from_20022022043230__to__20022022043637.mp4
******************************************we are on vealnum_6738_ch10_from_20022022043230__to__20022022043637
***** vealnum_6738_ch10_from_20022022043230__to__20022022043647.mp4
******************************************we are on vealnum_6738_ch10_from_20022022043230__to__20022022043647
***** vealnum_6738_ch10_from_20022022043330__to__20022022044054.mp4
******************************************we are on vealnum_6738_ch10_from_20022022043330__to__20022022044054
***** vealnum_6738_ch10_from_20022022043330__to__20022022043752.mp4
******************************************we are on vealnum_6738_ch10_from_20022022043330__to__20022022043752
***** vealnum_6353_ch9_from_20022022044030__to__20022022044626.mp4
******************************************we are on vealnum_6353_ch9_from_20022022044030__to__20022022044626
***** vealnum_6382_ch10_from_20022022044130__to__20022022044542.mp4
******************************************we are on vealnum_6382_ch10_from_20022022044130__to__20022022044542
***** vealnum_6382_ch10_from_20022022044130__to__20022022044604.mp4
******************************************we are on vealnum_6382_ch10_from_20022022044130__to__20022022044604
***** vealnum_6382_ch10_from_20022022044230__to__20022022044650.mp4
******************************************we are on vealnum_6382_ch10_from_20022022044230__to__20022022044650
***** vealnum_6354_ch9_from_20022022044230__to__20022022044934.mp4
******************************************we are on vealnum_6354_ch9_from_20022022044230__to__20022022044934
***** vealnum_6382_ch10_from_20022022044330__to__20022022045337.mp4
******************************************we are on vealnum_6382_ch10_from_20022022044330__to__20022022045337
***** vealnum_6786_ch2_from_20022022044430__to__20022022045351.mp4
******************************************we are on vealnum_6786_ch2_from_20022022044430__to__20022022045351
***** vealnum_6355_ch9_from_20022022044930__to__20022022045908.mp4
******************************************we are on vealnum_6355_ch9_from_20022022044930__to__20022022045908
***** vealnum_6791_ch2_from_20022022045030__to__20022022050002.mp4
******************************************we are on vealnum_6791_ch2_from_20022022045030__to__20022022050002
***** vealnum_6728_ch10_from_20022022052130__to__20022022053037.mp4
******************************************we are on vealnum_6728_ch10_from_20022022052130__to__20022022053037
***** vealnum_6356_ch9_from_20022022052630__to__20022022053546.mp4
******************************************we are on vealnum_6356_ch9_from_20022022052630__to__20022022053546
***** vealnum_6371_ch10_from_20022022054230__to__20022022055112.mp4
******************************************we are on vealnum_6371_ch10_from_20022022054230__to__20022022055112
***** vealnum_6741_ch9_from_20022022205330__to__20022022210158.mp4
hi ../../sante_veau/videos/All_videos/N862A6_ch9_main_20220220200008_20220220210008.mp4
True 2022-02-20 20:53:30 2022-02-20 20:00:08
** 3202.0 3710.0 the rest is 110.0
we should take in another video
hi ../../sante_veau/videos/All_videos/N862A6_ch9_main_20220220210008_20220220220000.mp4
True 2022-02-20 21:00:09 2022-02-20 21:00:08
** 1.0 110.0 the rest is -3482.0
we crop
******************************************we are on vealnum_6741_ch9_from_20022022205330__to__20022022210158
an intersting section
Moviepy - Building video ../../sante_veau/dataset/coupure_video_veaux/20022022/vealnum_6741_ch9_from_20022022205330__to__20022022210158.mp4.
MoviePy - Writing audio in vealnum_6741_ch9_from_20022022205330__to__20022022210158TEMP_MPY_wvf_snd.mp3
chunk:   0%|          | 0/11158 [00:00<?, ?it/s, now=None]chunk:   0%|          | 2/11158 [00:00<12:44, 14.60it/s, now=None]chunk:   0%|          | 53/11158 [00:00<00:41, 267.42it/s, now=None]chunk:   1%|▏         | 154/11158 [00:00<00:19, 573.11it/s, now=None]chunk:   3%|▎         | 307/11158 [00:00<00:11, 924.52it/s, now=None]chunk:   4%|▍         | 426/11158 [00:00<00:10, 1014.35it/s, now=None]chunk:   5%|▌         | 580/11158 [00:00<00:08, 1184.94it/s, now=None]chunk:   7%|▋         | 733/11158 [00:00<00:08, 1293.73it/s, now=None]chunk:   8%|▊         | 865/11158 [00:00<00:09, 1115.34it/s, now=None]chunk:   9%|▉         | 1017/11158 [00:00<00:08, 1226.66it/s, now=None]chunk:  10%|█         | 1145/11158 [00:01<00:09, 1104.58it/s, now=None]chunk:  11%|█▏        | 1261/11158 [00:01<00:08, 1118.07it/s, now=None]chunk:  13%|█▎        | 1415/11158 [00:01<00:07, 1230.57it/s, now=None]chunk:  14%|█▍        | 1556/11158 [00:01<00:07, 1280.24it/s, now=None]chunk:  15%|█▌        | 1711/11158 [00:01<00:06, 1356.43it/s, now=None]chunk:  17%|█▋        | 1868/11158 [00:01<00:06, 1417.09it/s, now=None]chunk:  18%|█▊        | 2020/11158 [00:01<00:06, 1446.04it/s, now=None]chunk:  20%|█▉        | 2176/11158 [00:01<00:06, 1478.83it/s, now=None]chunk:  21%|██        | 2331/11158 [00:01<00:05, 1496.91it/s, now=None]chunk:  22%|██▏       | 2482/11158 [00:02<00:05, 1496.44it/s, now=None]chunk:  24%|██▎       | 2638/11158 [00:02<00:05, 1514.47it/s, now=None]chunk:  25%|██▌       | 2790/11158 [00:02<00:05, 1512.57it/s, now=None]Traceback (most recent call last):
  File "/project/166600234/sophie/our_virtual_envs/dlc/venv/lib/python3.8/site-packages/moviepy/audio/io/ffmpeg_audiowriter.py", line 74, in write_frames
    self.proc.stdin.write(frames_array.tobytes())
BrokenPipeError: [Errno 32] Broken pipe

During handling of the above exception, another exception occurred:

Traceback (most recent call last):
  File "crop_videos.py", line 199, in <module>
    extract_interesting_sections(interesting_sections)
  File "crop_videos.py", line 154, in extract_interesting_sections
    video.write_videofile("../../sante_veau/dataset/coupure_video_veaux/"+interesting_section["start visit dateTime"].strftime("%d%m%Y")+"/"+new_name+".mp4",fps=25)
  File "<decorator-gen-55>", line 2, in write_videofile
  File "/project/166600234/sophie/our_virtual_envs/dlc/venv/lib/python3.8/site-packages/moviepy/decorators.py", line 54, in requires_duration
    return f(clip, *a, **k)
  File "<decorator-gen-54>", line 2, in write_videofile
  File "/project/166600234/sophie/our_virtual_envs/dlc/venv/lib/python3.8/site-packages/moviepy/decorators.py", line 135, in use_clip_fps_by_default
    return f(clip, *new_a, **new_kw)
  File "<decorator-gen-53>", line 2, in write_videofile
  File "/project/166600234/sophie/our_virtual_envs/dlc/venv/lib/python3.8/site-packages/moviepy/decorators.py", line 22, in convert_masks_to_RGB
    return f(clip, *a, **k)
  File "/project/166600234/sophie/our_virtual_envs/dlc/venv/lib/python3.8/site-packages/moviepy/video/VideoClip.py", line 293, in write_videofile
    self.audio.write_audiofile(audiofile, audio_fps,
  File "<decorator-gen-45>", line 2, in write_audiofile
  File "/project/166600234/sophie/our_virtual_envs/dlc/venv/lib/python3.8/site-packages/moviepy/decorators.py", line 54, in requires_duration
    return f(clip, *a, **k)
  File "/project/166600234/sophie/our_virtual_envs/dlc/venv/lib/python3.8/site-packages/moviepy/audio/AudioClip.py", line 206, in write_audiofile
    return ffmpeg_audiowrite(self, filename, fps, nbytes, buffersize,
  File "<decorator-gen-9>", line 2, in ffmpeg_audiowrite
  File "/project/166600234/sophie/our_virtual_envs/dlc/venv/lib/python3.8/site-packages/moviepy/decorators.py", line 54, in requires_duration
    return f(clip, *a, **k)
  File "/project/166600234/sophie/our_virtual_envs/dlc/venv/lib/python3.8/site-packages/moviepy/audio/io/ffmpeg_audiowriter.py", line 170, in ffmpeg_audiowrite
    writer.write_frames(chunk)
  File "/project/166600234/sophie/our_virtual_envs/dlc/venv/lib/python3.8/site-packages/moviepy/audio/io/ffmpeg_audiowriter.py", line 117, in write_frames
    raise IOError(error)
OSError: [Errno 32] Broken pipe

MoviePy error: FFMPEG encountered the following error while writing file vealnum_6741_ch9_from_20022022205330__to__20022022210158TEMP_MPY_wvf_snd.mp3:

b'av_interleaved_write_frame(): Disk quota exceeded\nError writing trailer of vealnum_6741_ch9_from_20022022205330__to__20022022210158TEMP_MPY_wvf_snd.mp3: Disk quota exceeded'

In case it helps, make sure you are using a recent version of FFMPEG (the versions in the Ubuntu/Debian repos are deprecated).
                                                                       